[15:50:39] [Render thread/INFO] [JMLogger] JourneyMap log initialized.
[15:50:39] [Render thread/INFO] [JourneymapClient] initialize ENTER
[15:50:39] [Render thread/INFO] [ClientAPI] [ClientAPI] built with JourneyMap API 1.9-SNAPSHOT
[15:50:39] [Render thread/INFO] [PluginHelper] Initializing plugins with Client API: journeymap.client.api.impl.ClientAPI
[15:50:39] [Render thread/WARN] [PropertiesBase] core (Initialized) Bad configField entry during updateFrom(): optionsManagerViewed=null
[15:50:39] [Render thread/INFO] [?] Version: JourneyMap 1.20.1-5.10.3, built with forge 1.20.1-47.2.30
forge: 47.3.0
Environment: os.name, os.arch, java.version, user.country, user.language=null, game language=en_us, locale=en_us
Features: 
	RadarPlayers : singleplayer = true , multiplayer = true
	RadarAnimals : singleplayer = true , multiplayer = true
	RadarMobs : singleplayer = true , multiplayer = true
	RadarVillagers : singleplayer = true , multiplayer = true
	MapTopo : singleplayer = true , multiplayer = true
	MapSurface : singleplayer = true , multiplayer = true
	MapCaves : singleplayer = true , multiplayer = true
	MapBiome : singleplayer = true , multiplayer = true
MiniMapProperties{state=Valid, file=journeymap.minimap.config, configVersion=5.10.3, zoomLevel=0, compassFontScale=1.0, terrainAlpha=100, showEntityNames=true, positionX=0.9, positionY=0.25, effectVertical=false, showPlayerHeading=true, sizePercent=30, playerDisplayScale=1.0, showDayNight=true, showPets=true, preferredMapType=day, showCompass=true, mobDisplay=jm.common.entity_display.dots, systemTimeRealFormat=HH:mm:ss, shape=jm.minimap.shape_circle, showSelf=true, selfDisplayScale=1.0, showGrid=true, reticleOrientation=jm.minimap.orientation.compass, gameTimeRealFormat=HH:mm:ss, effectTranslateX=-84, showWaypoints=true, minimapKeyMovementSpeed=0.001, showAnimals=true, infoSlotAlpha=0.7, effectTranslateY=0, showWaypointLabels=true, moveEffectIcons=true, position=jm.minimap.position_topright, fontScale=1.0, showPlayers=true, waypointIconScale=1.0, frameAlpha=100, effectReversed=false, backgroundAlpha=0.8, enabled=true, showVillagers=true, info2Label=jm.theme.labelsource.gametime, info3Label=jm.theme.labelsource.location, showMobs=true, waypointLabelScale=1.0, showReticle=true, orientation=jm.minimap.orientation.north, info4Label=jm.theme.labelsource.biome, locationFormat=xzyv, playerDisplay=jm.common.entity_display.dots, mobDisplayScale=1.0, showCaves=true, showMobHeading=true, locationFormatVerbose=true, info1Label=jm.theme.labelsource.blank}
MiniMapProperties{state=Valid, file=journeymap.minimap2.config, configVersion=5.10.3, zoomLevel=0, compassFontScale=1.0, terrainAlpha=100, showEntityNames=true, positionX=0.9, positionY=0.25, effectVertical=false, showPlayerHeading=true, sizePercent=30, playerDisplayScale=1.0, showDayNight=true, showPets=true, preferredMapType=day, showCompass=true, mobDisplay=jm.common.entity_display.dots, systemTimeRealFormat=HH:mm:ss, shape=jm.minimap.shape_rectangle, showSelf=true, selfDisplayScale=1.0, showGrid=true, reticleOrientation=jm.minimap.orientation.compass, gameTimeRealFormat=HH:mm:ss, effectTranslateX=0, showWaypoints=true, minimapKeyMovementSpeed=0.001, showAnimals=true, infoSlotAlpha=0.7, effectTranslateY=0, showWaypointLabels=true, moveEffectIcons=true, position=jm.minimap.position_topright, fontScale=1.0, showPlayers=true, waypointIconScale=1.0, frameAlpha=100, effectReversed=false, backgroundAlpha=0.8, enabled=true, showVillagers=true, info2Label=jm.theme.labelsource.gametime, info3Label=jm.theme.labelsource.location, showMobs=true, waypointLabelScale=1.0, showReticle=true, orientation=jm.minimap.orientation.north, info4Label=jm.theme.labelsource.biome, locationFormat=xzyv, playerDisplay=jm.common.entity_display.dots, mobDisplayScale=1.0, showCaves=true, showMobHeading=true, locationFormatVerbose=true, info1Label=jm.theme.labelsource.blank}
FullMapProperties{state=Valid, file=journeymap.fullmap.config, configVersion=5.10.3, zoomLevel=0, showPlayers=true, waypointIconScale=1.0, showEntityNames=true, showPlayerHeading=true, showVillagers=true, showPlayerLoc=true, showKeys=true, playerDisplayScale=1.0, showMobs=true, showPets=true, waypointLabelScale=1.0, preferredMapType=day, mobDisplay=jm.common.entity_display.dots, showSelf=true, locationFormat=xzyv, playerDisplay=jm.common.entity_display.dots, mobDisplayScale=1.0, selfDisplayScale=1.0, showGrid=true, showMouseLoc=true, showWaypoints=true, showCaves=true, showAnimals=true, showMobHeading=true, showWaypointLabels=true, locationFormatVerbose=true, fontScale=1.0}
WaypointProperties{state=Valid, file=journeymap.waypoint.config, configVersion=5.10.3, autoRemoveDeathpointDistance=2, dateFormat=MM-dd-yyyy, autoRemoveDeathpoints=false, fullscreenDoubleClickToCreate=true, managerDimensionFocus=false, minDistance=4, boldLabel=false, textureSmall=true, showDeathpointlabel=true, beaconEnabled=true, createDeathpoints=true, showName=true, disableStrikeThrough=false, maxDistance=0, autoHideLabel=true, autoRemoveTempWaypoints=2, teleportCommand=/tp {name} {x} {y} {z}, showStaticBeam=true, shaderBeacon=false, timeFormat=HH:mm:ss, showDeviationLabel=false, showDistance=true, showRotatingBeam=true, fontScale=2.0, showTexture=true, managerEnabled=true}
WebMapProperties{state=Valid, file=journeymap.webmap.config, configVersion=5.10.3, port=8080, enabled=false}
CoreProperties{state=Valid, file=journeymap.core.config, configVersion=5.10.3, verboseColorPalette=false, maxPlayersData=32, mapSurfaceAboveCaves=true, dataCachingEnabled=true, optionsManagerViewed=null, announceMod=true, colorPassive=#bbbbbb, mapBlendWater=false, renderDistanceSurfaceMax=0, seedId=false, radarVerticalDistance=16, mapBlendGrass=true, recordCacheStats=false, hideSneakingEntities=true, revealShape=jm.minimap.shape_circle, mapBiome=true, alwaysMapSurface=false, colorVillager=#88e188, mapPlants=false, colorPet=#0077ff, radarLateralDistance=64, mapBathymetry=false, mapCrops=true, maxMobsData=32, mapPlantShadows=false, alwaysMapCaves=false, checkUpdates=true, mapBlendFoliage=true, hideSpectators=false, mappingEnabled=true, colorPlayer=#ffffff, tileHighDisplayQuality=true, cacheVillagersData=2200, logLevel=INFO, maxVillagersData=32, mapWaterBiomeColors=false, maxAnimalsData=32, mapTransparency=true, caveBlackAsClear=false, tileRenderType=1, caveIgnoreGlass=true, mapTopography=true, renderDistanceCaveMax=0, mapAntialiasing=true, colorSelf=#0000ff, cachePlayersData=2000, cacheMobsData=3000, cachePlayerData=1000, splashViewed=5.10.3, colorHostile=#ff0000, cacheAnimalsData=3100, themeName=OceanMonument, mapCaveLighting=true, renderDelay=2, glErrorChecking=false, autoMapPoll=2000}
[15:50:39] [Render thread/INFO] [JourneymapClient] initialize EXIT, elapsed count 1 avg 476.85ms
[15:51:01] [Render thread/INFO] [JourneymapClient] Journeymap PostInit
[15:51:01] [Render thread/INFO] [ThemeLoader] Preloaded theme textures: 73
[15:51:01] [Render thread/INFO] [JourneymapClient] postInitialize EXIT, elapsed count 1 avg 220.74ms
[15:52:12] [Netty Epoll Client IO #0/INFO] [ForgeConfig] Loading JourneyMap Forge Configs
[15:52:18] [Render thread/INFO] [JourneymapClient] World UID is set to: 3ad9e235-6761-415b-b48e-c42c930f65d3
[15:52:20] [Render thread/WARN] [PropertiesBase] core (Initialized) Bad configField entry during updateFrom(): optionsManagerViewed=null
[15:52:20] [Render thread/INFO] [ModBlockDelegate] Custom modded block handling enabled for biomesoplenty
[15:52:20] [Render thread/INFO] [WaypointStore] Loaded 0 waypoints from /home/deck/.minecraft/versions/Project_Survival/journeymap/data/mp/testing_grounds_3ad9e235~6761~415b~b48e~c42c930f65d3/waypoints
[15:52:20] [Render thread/INFO] [JourneymapClient] Mapping started in /home/deck/.minecraft/versions/Project_Survival/journeymap/data/mp/testing_grounds_3ad9e235~6761~415b~b48e~c42c930f65d3/overworld. Memory: 3776MB total, 2529MB free 
[15:52:21] [Render thread/INFO] [ChatLog] JourneyMap: Press [J]
[16:06:57] [Render thread/WARN] [JMLogger] the_deep_void:textures/entities/abductor.png doesn't have /entity/ in path, so can't look for /entity_icon/
[16:20:52] [Render thread/INFO] [StatTimer] TileDrawStep.updateRegionTexture hit max count, 1000000
[16:20:52] [Render thread/INFO] [StatTimer] TileDrawStep.draw(low) hit max count, 1000000
[16:30:49] [Render thread/INFO] [DeathPointHandler] Mel_the_idiot died at BlockPos{x=63, y=67, z=31}. Deathpoints enabled: true. Deathpoint created: true
[16:53:41] [Render thread/WARN] [JMLogger] Can't get entityTexture for securitycraft:textures/entity_icon/sentry.png
[16:55:56] [Render thread/WARN] [JMLogger] the_deep_void:textures/entities/invisible.png doesn't have /entity/ in path, so can't look for /entity_icon/
[17:02:12] [Render thread/INFO] [JourneymapClient] Mapping halted in /home/deck/.minecraft/versions/Project_Survival/journeymap/data/mp/testing_grounds_3ad9e235~6761~415b~b48e~c42c930f65d3/minecraft:overworld
[17:02:14] [Render thread/WARN] [PropertiesBase] core (Initialized) Bad configField entry during updateFrom(): optionsManagerViewed=null
[17:02:14] [Render thread/INFO] [WaypointStore] Loaded 1 waypoints from /home/deck/.minecraft/versions/Project_Survival/journeymap/data/mp/testing_grounds_3ad9e235~6761~415b~b48e~c42c930f65d3/waypoints
[17:02:14] [Render thread/INFO] [JourneymapClient] Mapping started in /home/deck/.minecraft/versions/Project_Survival/journeymap/data/mp/testing_grounds_3ad9e235~6761~415b~b48e~c42c930f65d3/the_deep_void~deep_void. Memory: 3776MB total, 1125MB free 
[17:02:34] [Render thread/WARN] [JMLogger] the_deep_void:textures/entities/rotten_cult_member.png doesn't have /entity/ in path, so can't look for /entity_icon/
[17:02:34] [Render thread/WARN] [JMLogger] the_deep_void:textures/entities/death_maw.png doesn't have /entity/ in path, so can't look for /entity_icon/
[17:02:34] [Render thread/WARN] [JMLogger] the_deep_void:textures/entities/eyes2.png doesn't have /entity/ in path, so can't look for /entity_icon/
[17:02:34] [Render thread/WARN] [JMLogger] the_deep_void:textures/entities/eyes.png doesn't have /entity/ in path, so can't look for /entity_icon/
[17:02:34] [Render thread/WARN] [JMLogger] the_deep_void:textures/entities/eyes4.png doesn't have /entity/ in path, so can't look for /entity_icon/
[17:02:34] [Render thread/WARN] [JMLogger] the_deep_void:textures/entities/eyes5.png doesn't have /entity/ in path, so can't look for /entity_icon/
[17:02:34] [Render thread/WARN] [JMLogger] the_deep_void:textures/entities/gravekeeper.png doesn't have /entity/ in path, so can't look for /entity_icon/
[17:02:34] [Render thread/WARN] [JMLogger] the_deep_void:textures/entities/mourner_remodel.png doesn't have /entity/ in path, so can't look for /entity_icon/
[17:02:34] [Render thread/WARN] [JMLogger] the_deep_void:textures/entities/alpha_bone_crawler.png doesn't have /entity/ in path, so can't look for /entity_icon/
[17:02:34] [Render thread/WARN] [JMLogger] the_deep_void:textures/entities/bone_crawler_remodeled.png doesn't have /entity/ in path, so can't look for /entity_icon/
[17:02:38] [Render thread/WARN] [JMLogger] the_deep_void:textures/entities/rotten_corpse_new.png doesn't have /entity/ in path, so can't look for /entity_icon/
[17:02:43] [Render thread/WARN] [JMLogger] the_deep_void:textures/entities/stalker_stalker_new_remodel.png doesn't have /entity/ in path, so can't look for /entity_icon/
[17:03:04] [Render thread/WARN] [JMLogger] the_deep_void:textures/entities/void_dweller_texture.png doesn't have /entity/ in path, so can't look for /entity_icon/
[17:03:07] [Render thread/WARN] [JMLogger] the_deep_void:textures/entities/hunter.png doesn't have /entity/ in path, so can't look for /entity_icon/
[17:03:23] [Render thread/WARN] [JMLogger] the_deep_void:textures/entities/lurker_texture.png doesn't have /entity/ in path, so can't look for /entity_icon/
[17:03:35] [Render thread/WARN] [JMLogger] the_deep_void:textures/entities/falling_corpse_texture.png doesn't have /entity/ in path, so can't look for /entity_icon/
[17:05:23] [Render thread/WARN] [JMLogger] the_deep_void:textures/entities/fool_eater_newer.png doesn't have /entity/ in path, so can't look for /entity_icon/
[17:05:28] [Render thread/WARN] [JMLogger] the_deep_void:textures/entities/eyes3.png doesn't have /entity/ in path, so can't look for /entity_icon/
[17:05:43] [Render thread/WARN] [JMLogger] the_deep_void:textures/entities/ghost.png doesn't have /entity/ in path, so can't look for /entity_icon/
[17:05:59] [Render thread/WARN] [JMLogger] the_deep_void:textures/entities/bone_crawler_remodeled.png doesn't have /entity/ in path, so can't look for /entity_icon/
[17:05:59] [Render thread/WARN] [JMLogger] the_deep_void:textures/entities/eyes3.png doesn't have /entity/ in path, so can't look for /entity_icon/
[17:05:59] [Render thread/WARN] [JMLogger] the_deep_void:textures/entities/eyes.png doesn't have /entity/ in path, so can't look for /entity_icon/
[17:05:59] [Render thread/WARN] [JMLogger] the_deep_void:textures/entities/hunter.png doesn't have /entity/ in path, so can't look for /entity_icon/
[17:05:59] [Render thread/WARN] [JMLogger] the_deep_void:textures/entities/invisible.png doesn't have /entity/ in path, so can't look for /entity_icon/
[17:05:59] [Render thread/WARN] [JMLogger] the_deep_void:textures/entities/stalker_stalker_new_remodel.png doesn't have /entity/ in path, so can't look for /entity_icon/
[17:06:02] [Render thread/WARN] [JMLogger] the_deep_void:textures/entities/rotten_corpse_new.png doesn't have /entity/ in path, so can't look for /entity_icon/
[17:06:02] [Render thread/WARN] [JMLogger] the_deep_void:textures/entities/alpha_bone_crawler.png doesn't have /entity/ in path, so can't look for /entity_icon/
[17:06:02] [Render thread/WARN] [JMLogger] the_deep_void:textures/entities/death_maw.png doesn't have /entity/ in path, so can't look for /entity_icon/
[17:06:02] [Render thread/WARN] [JMLogger] the_deep_void:textures/entities/lurker_texture.png doesn't have /entity/ in path, so can't look for /entity_icon/
[17:06:02] [Render thread/WARN] [JMLogger] the_deep_void:textures/entities/eyes2.png doesn't have /entity/ in path, so can't look for /entity_icon/
[17:06:02] [Render thread/WARN] [JMLogger] the_deep_void:textures/entities/eyes5.png doesn't have /entity/ in path, so can't look for /entity_icon/
[17:06:05] [Render thread/WARN] [JMLogger] the_deep_void:textures/entities/ghost.png doesn't have /entity/ in path, so can't look for /entity_icon/
[17:06:05] [Render thread/WARN] [JMLogger] the_deep_void:textures/entities/falling_corpse_texture.png doesn't have /entity/ in path, so can't look for /entity_icon/
[17:06:09] [Render thread/WARN] [JMLogger] the_deep_void:textures/entities/mourner_remodel.png doesn't have /entity/ in path, so can't look for /entity_icon/
[17:06:12] [Render thread/WARN] [JMLogger] Can't get entityTexture for securitycraft:textures/entity_icon/sentry.png
[17:06:12] [Render thread/WARN] [JMLogger] the_deep_void:textures/entities/gravekeeper.png doesn't have /entity/ in path, so can't look for /entity_icon/
[17:06:12] [Render thread/WARN] [JMLogger] the_deep_void:textures/entities/rotten_cult_member.png doesn't have /entity/ in path, so can't look for /entity_icon/
[17:06:30] [Render thread/WARN] [JMLogger] the_deep_void:textures/entities/eyes4.png doesn't have /entity/ in path, so can't look for /entity_icon/
[17:07:46] [Render thread/INFO] [JourneymapClient] Mapping halted in /home/deck/.minecraft/versions/Project_Survival/journeymap/data/mp/testing_grounds_3ad9e235~6761~415b~b48e~c42c930f65d3/the_deep_void:deep_void
[17:07:48] [Render thread/WARN] [PropertiesBase] core (Initialized) Bad configField entry during updateFrom(): optionsManagerViewed=null
[17:07:48] [Render thread/INFO] [WaypointStore] Loaded 1 waypoints from /home/deck/.minecraft/versions/Project_Survival/journeymap/data/mp/testing_grounds_3ad9e235~6761~415b~b48e~c42c930f65d3/waypoints
[17:07:48] [Render thread/INFO] [JourneymapClient] Mapping started in /home/deck/.minecraft/versions/Project_Survival/journeymap/data/mp/testing_grounds_3ad9e235~6761~415b~b48e~c42c930f65d3/overworld. Memory: 3776MB total, 749MB free 
[17:08:48] [Render thread/WARN] [JMLogger] the_deep_void:textures/entities/blind_prophet.png doesn't have /entity/ in path, so can't look for /entity_icon/
[17:08:52] [Render thread/WARN] [JMLogger] the_deep_void:textures/entities/spike.png doesn't have /entity/ in path, so can't look for /entity_icon/
[17:09:35] [Render thread/WARN] [JMLogger] the_deep_void:textures/entities/overseer_pillar.png doesn't have /entity/ in path, so can't look for /entity_icon/
[17:09:55] [Render thread/WARN] [JMLogger] the_deep_void:textures/entities/nightmare_remodel.png doesn't have /entity/ in path, so can't look for /entity_icon/
[17:10:47] [Render thread/WARN] [JMLogger] the_deep_void:textures/entities/scarecrow.png doesn't have /entity/ in path, so can't look for /entity_icon/
[17:13:59] [Render thread/WARN] [JMLogger] the_deep_void:textures/entities/eyekin.png doesn't have /entity/ in path, so can't look for /entity_icon/
[17:18:59] [Render thread/WARN] [JMLogger] the_deep_void:textures/entities/devourernew.png doesn't have /entity/ in path, so can't look for /entity_icon/
[17:19:55] [Render thread/WARN] [JMLogger] the_deep_void:textures/entities/mother_bone_crawler.png doesn't have /entity/ in path, so can't look for /entity_icon/
[17:21:39] [Render thread/WARN] [JMLogger] the_deep_void:textures/entities/death_vulture.png doesn't have /entity/ in path, so can't look for /entity_icon/
[17:22:05] [Render thread/WARN] [JMLogger] the_deep_void:textures/entities/void_dweller_texture.png doesn't have /entity/ in path, so can't look for /entity_icon/
[17:22:49] [Render thread/WARN] [JMLogger] the_deep_void:textures/entities/fleshcube.png doesn't have /entity/ in path, so can't look for /entity_icon/
[17:22:52] [Render thread/WARN] [JMLogger] the_deep_void:textures/entities/small_flesh_cube.png doesn't have /entity/ in path, so can't look for /entity_icon/
[17:23:21] [Render thread/WARN] [JMLogger] the_deep_void:textures/entities/everhungernew.png doesn't have /entity/ in path, so can't look for /entity_icon/
